<?xml version="1.0" encoding="UTF-8"?>
<!-- Generated by org.testng.reporters.JUnitXMLReporter -->
<testsuite ignored="0" hostname="administrators-MacBook-Pro-2.local" failures="0" tests="24" name="Command line test" time="0.197" errors="0" timestamp="2020-05-18T21:23:19 IST">
  <testcase classname="com.propine.tests.PropineDateTest" name="@BeforeTest initialize" time="0.135">
    <failure type="java.lang.IllegalStateException" message="The path to the driver executable must be set by the webdriver.gecko.driver system property; for more information, see https://github.com/mozilla/geckodriver. The latest version can be downloaded from https://github.com/mozilla/geckodriver/releases">
      <![CDATA[java.lang.IllegalStateException: The path to the driver executable must be set by the webdriver.gecko.driver system property; for more information, see https://github.com/mozilla/geckodriver. The latest version can be downloaded from https://github.com/mozilla/geckodriver/releases
at com.google.common.base.Preconditions.checkState(Preconditions.java:754)
at org.openqa.selenium.remote.service.DriverService.findExecutable(DriverService.java:124)
at org.openqa.selenium.firefox.GeckoDriverService.access$100(GeckoDriverService.java:40)
at org.openqa.selenium.firefox.GeckoDriverService$Builder.findDefaultExecutable(GeckoDriverService.java:114)
at org.openqa.selenium.remote.service.DriverService$Builder.build(DriverService.java:329)
at org.openqa.selenium.firefox.FirefoxDriver.toExecutor(FirefoxDriver.java:150)
at org.openqa.selenium.firefox.FirefoxDriver.<init>(FirefoxDriver.java:120)
at org.openqa.selenium.firefox.FirefoxDriver.<init>(FirefoxDriver.java:98)
at common.Base.initializeDriver(Base.java:36)
at com.propine.tests.PropineDateTest.initialize(PropineDateTest.java:16)
... Removed 33 stack frames]]>
    </failure>
  </testcase> <!-- @BeforeTest initialize -->
  <testcase classname="com.propine.tests.PropineDateTest" name="@AfterTest teardown" time="-1.589817194056E9">
    <skipped/>
  </testcase> <!-- @AfterTest teardown -->
  <testcase classname="com.propine.tests.PropineDateTest" name="invalidDateTest" time="0.0">
    <skipped/>
  </testcase> <!-- invalidDateTest -->
  <testcase classname="com.propine.tests.PropineDateTest" name="invalidDateTest" time="0.0">
    <skipped/>
  </testcase> <!-- invalidDateTest -->
  <testcase classname="com.propine.tests.PropineDateTest" name="invalidDateTest" time="0.0">
    <skipped/>
  </testcase> <!-- invalidDateTest -->
  <testcase classname="com.propine.tests.PropineDateTest" name="invalidDateTest" time="0.0">
    <skipped/>
  </testcase> <!-- invalidDateTest -->
  <testcase classname="com.propine.tests.PropineDateTest" name="invalidDateTest" time="0.0">
    <skipped/>
  </testcase> <!-- invalidDateTest -->
  <testcase classname="com.propine.tests.PropineDateTest" name="invalidDateTest" time="0.0">
    <skipped/>
  </testcase> <!-- invalidDateTest -->
  <testcase classname="com.propine.tests.PropineDateTest" name="invalidDateTest" time="0.0">
    <skipped/>
  </testcase> <!-- invalidDateTest -->
  <testcase classname="com.propine.tests.PropineDateTest" name="invalidDateTest" time="0.0">
    <skipped/>
  </testcase> <!-- invalidDateTest -->
  <testcase classname="com.propine.tests.PropineDateTest" name="invalidDateTest" time="0.0">
    <skipped/>
  </testcase> <!-- invalidDateTest -->
  <testcase classname="com.propine.tests.PropineDateTest" name="validDateTest" time="0.0">
    <skipped/>
  </testcase> <!-- validDateTest -->
  <testcase classname="com.propine.tests.PropineDateTest" name="validDateTest" time="0.0">
    <skipped/>
  </testcase> <!-- validDateTest -->
  <testcase classname="com.propine.tests.PropineDateTest" name="validDateTest" time="0.0">
    <skipped/>
  </testcase> <!-- validDateTest -->
  <testcase classname="com.propine.tests.PropineDateTest" name="validDateTest" time="0.0">
    <skipped/>
  </testcase> <!-- validDateTest -->
  <testcase classname="com.propine.tests.PropineDateTest" name="validDateTest" time="0.0">
    <skipped/>
  </testcase> <!-- validDateTest -->
  <testcase classname="com.propine.tests.PropineDateTest" name="validDateTest" time="0.0">
    <skipped/>
  </testcase> <!-- validDateTest -->
  <testcase classname="com.propine.tests.PropineDateTest" name="validDateTest" time="0.0">
    <skipped/>
  </testcase> <!-- validDateTest -->
  <testcase classname="com.propine.tests.PropineDateTest" name="validDateTest" time="0.0">
    <skipped/>
  </testcase> <!-- validDateTest -->
  <testcase classname="com.propine.tests.PropineDateTest" name="validDateTest" time="0.0">
    <skipped/>
  </testcase> <!-- validDateTest -->
  <testcase classname="com.propine.tests.PropineDateTest" name="validDateTest" time="0.0">
    <skipped/>
  </testcase> <!-- validDateTest -->
  <testcase classname="com.propine.tests.PropineDateTest" name="validDateTest" time="0.0">
    <skipped/>
  </testcase> <!-- validDateTest -->
  <testcase classname="com.propine.tests.PropineDateTest" name="validDateTest" time="0.0">
    <skipped/>
  </testcase> <!-- validDateTest -->
  <testcase classname="com.propine.tests.PropineDateTest" name="validDateTest" time="0.0">
    <skipped/>
  </testcase> <!-- validDateTest -->
  <testcase classname="com.propine.tests.PropineDateTest" name="validDateTest" time="0.001">
    <skipped/>
  </testcase> <!-- validDateTest -->
  <testcase classname="com.propine.tests.PropineDateTest" name="validDateTest" time="0.0">
    <skipped/>
  </testcase> <!-- validDateTest -->
</testsuite> <!-- Command line test -->
