-------------------------------------------------------------------------------
Test set: com.propine.tests.PropineDateTest
-------------------------------------------------------------------------------
Tests run: 26, Failures: 1, Errors: 0, Skipped: 25, Time elapsed: 5.929 sec <<< FAILURE!
initialize(com.propine.tests.PropineDateTest)  Time elapsed: 0.528 sec  <<< FAILURE!
java.lang.IllegalStateException: The path to the driver executable must be set by the webdriver.gecko.driver system property; for more information, see https://github.com/mozilla/geckodriver. The latest version can be downloaded from https://github.com/mozilla/geckodriver/releases
	at com.google.common.base.Preconditions.checkState(Preconditions.java:754)
	at org.openqa.selenium.remote.service.DriverService.findExecutable(DriverService.java:124)
	at org.openqa.selenium.firefox.GeckoDriverService.access$100(GeckoDriverService.java:40)
	at org.openqa.selenium.firefox.GeckoDriverService$Builder.findDefaultExecutable(GeckoDriverService.java:114)
	at org.openqa.selenium.remote.service.DriverService$Builder.build(DriverService.java:329)
	at org.openqa.selenium.firefox.FirefoxDriver.toExecutor(FirefoxDriver.java:150)
	at org.openqa.selenium.firefox.FirefoxDriver.<init>(FirefoxDriver.java:120)
	at org.openqa.selenium.firefox.FirefoxDriver.<init>(FirefoxDriver.java:98)
	at common.Base.initializeDriver(Base.java:36)
	at com.propine.tests.PropineDateTest.initialize(PropineDateTest.java:16)

