<?xml version="1.0" encoding="UTF-8" ?>
<testsuite tests="26" failures="1" name="com.propine.tests.PropineDateTest" time="0.536" errors="0" skipped="25">
  <properties>
[...]
</properties>
  <testcase classname="com.propine.tests.PropineDateTest" name="initialize" time="0.528">
    <failure message="The path to the driver executable must be set by the webdriver.gecko.driver system property; for more information, see https://github.com/mozilla/geckodriver. The latest version can be downloaded from https://github.com/mozilla/geckodriver/releases" type="java.lang.IllegalStateException">java.lang.IllegalStateException: The path to the driver executable must be set by the webdriver.gecko.driver system property; for more information, see https://github.com/mozilla/geckodriver. The latest version can be downloaded from https://github.com/mozilla/geckodriver/releases
	at com.google.common.base.Preconditions.checkState(Preconditions.java:754)
	at org.openqa.selenium.remote.service.DriverService.findExecutable(DriverService.java:124)
	at org.openqa.selenium.firefox.GeckoDriverService.access$100(GeckoDriverService.java:40)
	at org.openqa.selenium.firefox.GeckoDriverService$Builder.findDefaultExecutable(GeckoDriverService.java:114)
	at org.openqa.selenium.remote.service.DriverService$Builder.build(DriverService.java:329)
	at org.openqa.selenium.firefox.FirefoxDriver.toExecutor(FirefoxDriver.java:150)
	at org.openqa.selenium.firefox.FirefoxDriver.&lt;init&gt;(FirefoxDriver.java:120)
	at org.openqa.selenium.firefox.FirefoxDriver.&lt;init&gt;(FirefoxDriver.java:98)
	at common.Base.initializeDriver(Base.java:36)
	at com.propine.tests.PropineDateTest.initialize(PropineDateTest.java:16)
</failure>
    <system-out>Configuring TestNG with: org.apache.maven.surefire.testng.conf.TestNG652Configurator@5a1c0542
</system-out>
  </testcase>
  <testcase classname="com.propine.tests.PropineDateTest" name="invalidDateTest" time="0.001">
    <skipped/>
  </testcase>
  <testcase classname="com.propine.tests.PropineDateTest" name="invalidDateTest" time="0">
    <skipped/>
  </testcase>
  <testcase classname="com.propine.tests.PropineDateTest" name="invalidDateTest" time="0">
    <skipped/>
  </testcase>
  <testcase classname="com.propine.tests.PropineDateTest" name="invalidDateTest" time="0">
    <skipped/>
  </testcase>
  <testcase classname="com.propine.tests.PropineDateTest" name="invalidDateTest" time="0">
    <skipped/>
  </testcase>
  <testcase classname="com.propine.tests.PropineDateTest" name="invalidDateTest" time="0">
    <skipped/>
  </testcase>
  <testcase classname="com.propine.tests.PropineDateTest" name="invalidDateTest" time="0">
    <skipped/>
  </testcase>
  <testcase classname="com.propine.tests.PropineDateTest" name="invalidDateTest" time="0">
    <skipped/>
  </testcase>
  <testcase classname="com.propine.tests.PropineDateTest" name="invalidDateTest" time="0">
    <skipped/>
  </testcase>
  <testcase classname="com.propine.tests.PropineDateTest" name="validDateTest" time="0">
    <skipped/>
  </testcase>
  <testcase classname="com.propine.tests.PropineDateTest" name="validDateTest" time="0.001">
    <skipped/>
  </testcase>
  <testcase classname="com.propine.tests.PropineDateTest" name="validDateTest" time="0">
    <skipped/>
  </testcase>
  <testcase classname="com.propine.tests.PropineDateTest" name="validDateTest" time="0.001">
    <skipped/>
  </testcase>
  <testcase classname="com.propine.tests.PropineDateTest" name="validDateTest" time="0">
    <skipped/>
  </testcase>
  <testcase classname="com.propine.tests.PropineDateTest" name="validDateTest" time="0">
    <skipped/>
  </testcase>
  <testcase classname="com.propine.tests.PropineDateTest" name="validDateTest" time="0">
    <skipped/>
  </testcase>
  <testcase classname="com.propine.tests.PropineDateTest" name="validDateTest" time="0">
    <skipped/>
  </testcase>
  <testcase classname="com.propine.tests.PropineDateTest" name="validDateTest" time="0.001">
    <skipped/>
  </testcase>
  <testcase classname="com.propine.tests.PropineDateTest" name="validDateTest" time="0.001">
    <skipped/>
  </testcase>
  <testcase classname="com.propine.tests.PropineDateTest" name="validDateTest" time="0">
    <skipped/>
  </testcase>
  <testcase classname="com.propine.tests.PropineDateTest" name="validDateTest" time="0">
    <skipped/>
  </testcase>
  <testcase classname="com.propine.tests.PropineDateTest" name="validDateTest" time="0">
    <skipped/>
  </testcase>
  <testcase classname="com.propine.tests.PropineDateTest" name="validDateTest" time="0">
    <skipped/>
  </testcase>
  <testcase classname="com.propine.tests.PropineDateTest" name="validDateTest" time="0">
    <skipped/>
  </testcase>
  <testcase classname="com.propine.tests.PropineDateTest" name="teardown" time="0.003">
    <skipped/>
  </testcase>
</testsuite>